<?xml version="1.0" encoding="UTF-8"?>
<!-- Generated by org.testng.reporters.JUnitXMLReporter -->
<testsuite ignored="3" hostname="DAC-100304" failures="2" tests="2" name="RegressionTestCases" time="0.081" errors="0" timestamp="2024-08-03T10:22:43 IST">
  <testcase classname="authenticate.TestCases.AllTestCases" name="TC002_Login_to_Application" time="0.042">
    <failure type="java.lang.IllegalArgumentException" message="Driver must be set">
      <![CDATA[java.lang.IllegalArgumentException: Driver must be set
at org.openqa.selenium.internal.Require.nonNull(Require.java:61)
at org.openqa.selenium.interactions.Actions.<init>(Actions.java:59)
at authanticate.actionadriver.userActions.click(userActions.java:39)
at pageObjects.AmzonlaunchPage.clickOnsingIn(AmzonlaunchPage.java:40)
at authenticate.TestCases.AllTestCases.TC002_Login_to_Application(AllTestCases.java:53)
at java.base/java.util.ArrayList.forEach(ArrayList.java:1597)
... Removed 25 stack frames]]>
    </failure>
  </testcase> <!-- TC002_Login_to_Application -->
  <testcase classname="authenticate.TestCases.AllTestCases" name="TC002_Login_to_Application" time="0.066">
    <failure type="java.lang.NullPointerException" message="Cannot invoke &amp;quot;org.openqa.selenium.TakesScreenshot.getScreenshotAs(org.openqa.selenium.OutputType)&amp;quot; because &amp;quot;takesScreenshot&amp;quot; is null">
      <![CDATA[java.lang.NullPointerException: Cannot invoke "org.openqa.selenium.TakesScreenshot.getScreenshotAs(org.openqa.selenium.OutputType)" because "takesScreenshot" is null
at authanticate.actionadriver.userActions.screenShot(userActions.java:772)
at authenticate.utility.listener.onTestFailure(listener.java:36)
at java.base/java.util.ArrayList.forEach(ArrayList.java:1597)
... Removed 24 stack frames]]>
    </failure>
  </testcase> <!-- TC002_Login_to_Application -->
  <testcase classname="authenticate.TestCases.AllTestCases" name="TC03_SearchProduct" time="0.0">
    <ignored/>
  </testcase> <!-- TC03_SearchProduct -->
  <testcase classname="authenticate.TestCases.AllTestCases" name="TC04_VerifytheProductDetails" time="0.0">
    <ignored/>
  </testcase> <!-- TC04_VerifytheProductDetails -->
  <testcase classname="authenticate.TestCases.AllTestCases" name="amzProductComparewithFlipkart" time="0.0">
    <ignored/>
  </testcase> <!-- amzProductComparewithFlipkart -->
</testsuite> <!-- RegressionTestCases -->
