<?xml version="1.0" encoding="UTF-8"?>
<!-- Generated by org.testng.reporters.JUnitXMLReporter -->
<testsuite ignored="0" hostname="DAC-100304" failures="0" tests="6" name="Default test" time="0.069" errors="0" timestamp="2024-08-04T11:41:33 IST">
  <testcase classname="authenticate.TestCases.AllTestCases" name="@BeforeMethod setUp" time="-1.722751893428E9">
    <failure type="org.testng.TestNGException" message="
Parameter &amp;apos;browser&amp;apos; is required by BeforeMethod on method setUp but has not been marked @Optional or defined
in C:\Users\Sagar N\AppData\Local\Temp\testng-eclipse-616819080\testng-customsuite.xml">
      <![CDATA[org.testng.TestNGException: 
Parameter 'browser' is required by BeforeMethod on method setUp but has not been marked @Optional or defined
in C:\Users\Sagar N\AppData\Local\Temp\testng-eclipse-616819080\testng-customsuite.xml
at org.testng.internal.Parameters.createParams(Parameters.java:270)
at org.testng.internal.Parameters.createParametersForMethod(Parameters.java:358)
at org.testng.internal.Parameters.createParameters(Parameters.java:700)
at org.testng.internal.Parameters.createConfigurationParameters(Parameters.java:168)
at org.testng.internal.ConfigInvoker.invokeConfigurations(ConfigInvoker.java:302)
at org.testng.internal.TestInvoker.runConfigMethods(TestInvoker.java:700)
at org.testng.internal.TestInvoker.invokeMethod(TestInvoker.java:527)
at org.testng.internal.TestInvoker.invokeTestMethod(TestInvoker.java:173)
at org.testng.internal.MethodRunner.runInSequence(MethodRunner.java:46)
at org.testng.internal.TestInvoker$MethodInvocationAgent.invoke(TestInvoker.java:824)
at org.testng.internal.TestInvoker.invokeTestMethods(TestInvoker.java:146)
at org.testng.internal.TestMethodWorker.invokeTestMethods(TestMethodWorker.java:146)
at org.testng.internal.TestMethodWorker.run(TestMethodWorker.java:128)
at java.base/java.util.ArrayList.forEach(ArrayList.java:1597)
at org.testng.TestRunner.privateRun(TestRunner.java:794)
at org.testng.TestRunner.run(TestRunner.java:596)
at org.testng.SuiteRunner.runTest(SuiteRunner.java:377)
at org.testng.SuiteRunner.runSequentially(SuiteRunner.java:371)
at org.testng.SuiteRunner.privateRun(SuiteRunner.java:332)
at org.testng.SuiteRunner.run(SuiteRunner.java:276)
at org.testng.SuiteRunnerWorker.runSuite(SuiteRunnerWorker.java:53)
at org.testng.SuiteRunnerWorker.run(SuiteRunnerWorker.java:96)
at org.testng.TestNG.runSuitesSequentially(TestNG.java:1212)
at org.testng.TestNG.runSuitesLocally(TestNG.java:1134)
at org.testng.TestNG.runSuites(TestNG.java:1063)
at org.testng.TestNG.run(TestNG.java:1031)
at org.testng.remote.AbstractRemoteTestNG.run(AbstractRemoteTestNG.java:115)
at org.testng.remote.RemoteTestNG.initAndRun(RemoteTestNG.java:293)
at org.testng.remote.RemoteTestNG.main(RemoteTestNG.java:91)
]]>
    </failure>
  </testcase> <!-- @BeforeMethod setUp -->
  <testcase classname="authenticate.TestCases.AllTestCases" name="@AfterMethod tearDown" time="-1.722751893442E9">
    <skipped/>
  </testcase> <!-- @AfterMethod tearDown -->
  <testcase classname="authenticate.TestCases.AllTestCases" name="@BeforeMethod setUp" time="-1.722751893444E9">
    <skipped/>
  </testcase> <!-- @BeforeMethod setUp -->
  <testcase classname="authenticate.TestCases.AllTestCases" name="@AfterMethod tearDown" time="-1.722751893447E9">
    <skipped/>
  </testcase> <!-- @AfterMethod tearDown -->
  <testcase classname="authenticate.TestCases.AllTestCases" name="@BeforeMethod setUp" time="-1.722751893449E9">
    <skipped/>
  </testcase> <!-- @BeforeMethod setUp -->
  <testcase classname="authenticate.TestCases.AllTestCases" name="@AfterMethod tearDown" time="-1.722751893454E9">
    <skipped/>
  </testcase> <!-- @AfterMethod tearDown -->
  <testcase classname="authenticate.TestCases.AllTestCases" name="@BeforeMethod setUp" time="-1.722751893455E9">
    <skipped/>
  </testcase> <!-- @BeforeMethod setUp -->
  <testcase classname="authenticate.TestCases.AllTestCases" name="@AfterMethod tearDown" time="-1.722751893457E9">
    <skipped/>
  </testcase> <!-- @AfterMethod tearDown -->
  <testcase classname="authenticate.TestCases.AllTestCases" name="@BeforeMethod setUp" time="-1.722751893458E9">
    <skipped/>
  </testcase> <!-- @BeforeMethod setUp -->
  <testcase classname="authenticate.TestCases.AllTestCases" name="@AfterMethod tearDown" time="-1.722751893462E9">
    <skipped/>
  </testcase> <!-- @AfterMethod tearDown -->
  <testcase classname="authenticate.TestCases.AllTestCases" name="@BeforeMethod setUp" time="-1.722751893464E9">
    <skipped/>
  </testcase> <!-- @BeforeMethod setUp -->
  <testcase classname="authenticate.TestCases.AllTestCases" name="@AfterMethod tearDown" time="-1.722751893468E9">
    <skipped/>
  </testcase> <!-- @AfterMethod tearDown -->
  <testcase classname="authenticate.TestCases.AllTestCases" name="TC002_Login_to_Application" time="0.0">
    <skipped/>
  </testcase> <!-- TC002_Login_to_Application -->
  <testcase classname="authenticate.TestCases.AllTestCases" name="TC01_Verify_Tittle_Onlaunch" time="0.0">
    <skipped/>
  </testcase> <!-- TC01_Verify_Tittle_Onlaunch -->
  <testcase classname="authenticate.TestCases.AllTestCases" name="TC03_SearchProduct" time="0.0">
    <skipped/>
  </testcase> <!-- TC03_SearchProduct -->
  <testcase classname="authenticate.TestCases.AllTestCases" name="TC04_VerifytheProductDetails" time="0.0">
    <skipped/>
  </testcase> <!-- TC04_VerifytheProductDetails -->
  <testcase classname="authenticate.TestCases.AllTestCases" name="TC05_endtoend_login_To_PaymentMethod" time="0.0">
    <skipped/>
  </testcase> <!-- TC05_endtoend_login_To_PaymentMethod -->
  <testcase classname="authenticate.TestCases.AllTestCases" name="amzProductComparewithFlipkart" time="0.0">
    <skipped/>
  </testcase> <!-- amzProductComparewithFlipkart -->
</testsuite> <!-- Default test -->
